\BOOKMARK [0][-]{dummy.4}{\376\377\000A\000c\000k\000n\000o\000w\000l\000e\000d\000g\000m\000e\000n\000t\000s}{}% 1
\BOOKMARK [0][-]{dummy.6}{\376\377\000L\000i\000s\000t\000\040\000o\000f\000\040\000F\000i\000g\000u\000r\000e\000s}{}% 2
\BOOKMARK [0][-]{dummy.8}{\376\377\000L\000i\000s\000t\000\040\000o\000f\000\040\000T\000a\000b\000l\000e\000s}{}% 3
\BOOKMARK [0][-]{chapter.10}{\376\377\0001\000\040\000P\000r\000o\000b\000l\000e\000m\000\040\000S\000t\000a\000t\000e\000m\000e\000n\000t}{}% 4
\BOOKMARK [0][-]{chapter.19}{\376\377\0002\000\040\000F\000i\000l\000e\000\040\000I\000n\000p\000u\000t}{}% 5
\BOOKMARK [1][-]{section.20}{\376\377\0002\000.\0001\000\040\000M\000e\000t\000h\000o\000d\000o\000l\000o\000g\000y}{chapter.19}% 6
\BOOKMARK [0][-]{chapter.21}{\376\377\0003\000\040\000H\000a\000s\000h\000\040\000T\000a\000b\000l\000e\000\040\000I\000m\000p\000l\000e\000m\000e\000n\000t\000a\000t\000i\000o\000n}{}% 7
\BOOKMARK [0][-]{chapter.26}{\376\377\0004\000\040\000A\000r\000r\000a\000y\000\040\000I\000m\000p\000l\000e\000m\000e\000n\000t\000a\000t\000i\000o\000n}{}% 8
\BOOKMARK [0][-]{chapter.31}{\376\377\0005\000\040\000L\000i\000n\000k\000e\000d\000\040\000L\000i\000s\000t\000\040\000I\000m\000p\000l\000e\000m\000e\000n\000t\000a\000t\000i\000o\000n}{}% 9
\BOOKMARK [1][-]{section.32}{\376\377\0005\000.\0001\000\040\000M\000e\000t\000h\000o\000d\000o\000l\000o\000g\000y}{chapter.31}% 10
\BOOKMARK [2][-]{subsection.33}{\376\377\0005\000.\0001\000.\0001\000\040\000I\000n\000s\000e\000r\000t\000i\000o\000n}{section.32}% 11
\BOOKMARK [2][-]{subsection.34}{\376\377\0005\000.\0001\000.\0002\000\040\000F\000i\000n\000d\000i\000n\000g}{section.32}% 12
\BOOKMARK [2][-]{subsection.35}{\376\377\0005\000.\0001\000.\0003\000\040\000S\000o\000r\000t\000e\000d\000\040\000T\000r\000a\000v\000e\000r\000s\000a\000l}{section.32}% 13
\BOOKMARK [2][-]{subsection.36}{\376\377\0005\000.\0001\000.\0004\000\040\000D\000e\000l\000e\000t\000i\000o\000n}{section.32}% 14
\BOOKMARK [0][-]{chapter.37}{\376\377\0006\000\040\000T\000r\000e\000e\000\040\000I\000m\000p\000l\000e\000m\000e\000n\000t\000a\000t\000i\000o\000n}{}% 15
\BOOKMARK [1][-]{section.38}{\376\377\0006\000.\0001\000\040\000M\000e\000t\000h\000o\000d\000o\000l\000o\000g\000y}{chapter.37}% 16
\BOOKMARK [2][-]{subsection.39}{\376\377\0006\000.\0001\000.\0001\000\040\000I\000n\000s\000e\000r\000t\000i\000o\000n}{section.38}% 17
\BOOKMARK [2][-]{subsection.40}{\376\377\0006\000.\0001\000.\0002\000\040\000F\000i\000n\000d\000i\000n\000g}{section.38}% 18
\BOOKMARK [2][-]{subsection.41}{\376\377\0006\000.\0001\000.\0003\000\040\000S\000o\000r\000t\000e\000d\000\040\000T\000r\000a\000v\000e\000r\000s\000a\000l}{section.38}% 19
\BOOKMARK [2][-]{subsection.42}{\376\377\0006\000.\0001\000.\0004\000\040\000D\000e\000l\000e\000t\000i\000o\000n}{section.38}% 20
\BOOKMARK [1][-]{section.43}{\376\377\0006\000.\0002\000\040\000E\000x\000e\000c\000u\000t\000i\000o\000n\000\040\000T\000i\000m\000e\000s\000\040\000a\000n\000d\000\040\000M\000e\000m\000o\000r\000y\000\040\000C\000o\000n\000s\000u\000m\000p\000t\000i\000o\000n\000s}{chapter.37}% 21
\BOOKMARK [0][-]{chapter.48}{\376\377\0007\000\040\000R\000e\000s\000u\000l\000t\000s}{}% 22
\BOOKMARK [0][-]{dummy.50}{\376\377\000R\000e\000f\000e\000r\000e\000n\000c\000e\000s}{}% 23
