This is pdfTeX, Version 3.14159265-2.6-1.40.21 (MiKTeX 20.6.29) (preloaded format=pdflatex 2020.10.8)  22 JUL 2021 22:19
entering extended mode
**./uet_thesis.tex
(uet_thesis.tex
LaTeX2e <2020-02-02> patch level 5
L3 programming layer <2020-06-18> (uet_thesis.cls
Document Class: uet_thesis 2010/22/03 v1.1 LaTeX document class
("C:\Users\Fariaa Faheem\AppData\Local\Programs\MiKTeX\tex/latex/base\book.cls"
Document Class: book 2019/12/20 v1.4l Standard LaTeX document class
("C:\Users\Fariaa Faheem\AppData\Local\Programs\MiKTeX\tex/latex/base\bk11.clo"
File: bk11.clo 2019/12/20 v1.4l Standard LaTeX file (size option)
)
\c@part=\count167
\c@chapter=\count168
\c@section=\count169
\c@subsection=\count170
\c@subsubsection=\count171
\c@paragraph=\count172
\c@subparagraph=\count173
\c@figure=\count174
\c@table=\count175
\abovecaptionskip=\skip47
\belowcaptionskip=\skip48
\bibindent=\dimen134
)
("C:\Users\Fariaa Faheem\AppData\Local\Programs\MiKTeX\tex/latex/setspace\setsp
ace.sty"
Package: setspace 2011/12/19 v6.7a set line spacing
)
("C:\Users\Fariaa Faheem\AppData\Local\Programs\MiKTeX\tex/latex/vmargin\vmargi
n.sty"
Package: vmargin 2004/07/15 V2.5 set document margins (VK)

Package: vmargin 2004/07/15 V2.5 set document margins (VK)
\PaperWidth=\dimen135
\PaperHeight=\dimen136
)
("C:\Users\Fariaa Faheem\AppData\Local\Programs\MiKTeX\tex/latex/fancyhdr\fancy
hdr.sty"
Package: fancyhdr 2019/01/31 v3.10 Extensive control of page headers and footer
s
\f@nch@headwidth=\skip49
\f@nch@O@elh=\skip50
\f@nch@O@erh=\skip51
\f@nch@O@olh=\skip52
\f@nch@O@orh=\skip53
\f@nch@O@elf=\skip54
\f@nch@O@erf=\skip55
\f@nch@O@olf=\skip56
\f@nch@O@orf=\skip57
)
("C:\Users\Fariaa Faheem\AppData\Local\Programs\MiKTeX\tex/latex/amsmath\amsmat
h.sty"
Package: amsmath 2020/01/20 v2.17e AMS math features
\@mathmargin=\skip58

For additional information on amsmath, use the `?' option.

("C:\Users\Fariaa Faheem\AppData\Local\Programs\MiKTeX\tex/latex/amsmath\amstex
t.sty"
Package: amstext 2000/06/29 v2.01 AMS text

("C:\Users\Fariaa Faheem\AppData\Local\Programs\MiKTeX\tex/latex/amsmath\amsgen
.sty"
File: amsgen.sty 1999/11/30 v2.0 generic functions
\@emptytoks=\toks15
\ex@=\dimen137
))
("C:\Users\Fariaa Faheem\AppData\Local\Programs\MiKTeX\tex/latex/amsmath\amsbsy
.sty"
Package: amsbsy 1999/11/29 v1.2d Bold Symbols
\pmbraise@=\dimen138
)
("C:\Users\Fariaa Faheem\AppData\Local\Programs\MiKTeX\tex/latex/amsmath\amsopn
.sty"
Package: amsopn 2016/03/08 v2.02 operator names
)
\inf@bad=\count176
LaTeX Info: Redefining \frac on input line 227.
\uproot@=\count177
\leftroot@=\count178
LaTeX Info: Redefining \overline on input line 389.
\classnum@=\count179
\DOTSCASE@=\count180
LaTeX Info: Redefining \ldots on input line 486.
LaTeX Info: Redefining \dots on input line 489.
LaTeX Info: Redefining \cdots on input line 610.
\Mathstrutbox@=\box45
\strutbox@=\box46
\big@size=\dimen139
LaTeX Font Info:    Redeclaring font encoding OML on input line 733.
LaTeX Font Info:    Redeclaring font encoding OMS on input line 734.
\macc@depth=\count181
\c@MaxMatrixCols=\count182
\dotsspace@=\muskip16
\c@parentequation=\count183
\dspbrk@lvl=\count184
\tag@help=\toks16
\row@=\count185
\column@=\count186
\maxfields@=\count187
\andhelp@=\toks17
\eqnshift@=\dimen140
\alignsep@=\dimen141
\tagshift@=\dimen142
\tagwidth@=\dimen143
\totwidth@=\dimen144
\lineht@=\dimen145
\@envbody=\toks18
\multlinegap=\skip59
\multlinetaggap=\skip60
\mathdisplay@stack=\toks19
LaTeX Info: Redefining \[ on input line 2859.
LaTeX Info: Redefining \] on input line 2860.
)
("C:\Users\Fariaa Faheem\AppData\Local\Programs\MiKTeX\tex/latex/amsfonts\amsfo
nts.sty"
Package: amsfonts 2013/01/14 v3.01 Basic AMSFonts support
\symAMSa=\mathgroup4
\symAMSb=\mathgroup5
LaTeX Font Info:    Redeclaring math symbol \hbar on input line 98.
LaTeX Font Info:    Overwriting math alphabet `\mathfrak' in version `bold'
(Font)                  U/euf/m/n --> U/euf/b/n on input line 106.
)
("C:\Users\Fariaa Faheem\AppData\Local\Programs\MiKTeX\tex/latex/amsfonts\amssy
mb.sty"
Package: amssymb 2013/01/14 v3.01 AMS font symbols
)
("C:\Users\Fariaa Faheem\AppData\Local\Programs\MiKTeX\tex/latex/amsmath\amscd.
sty"
Package: amscd 2017/04/14 v2.1 AMS Commutative Diagrams
\athelp@=\toks20
\minaw@=\dimen146
\bigaw@=\dimen147
\minCDarrowwidth=\dimen148
)
("C:\Users\Fariaa Faheem\AppData\Local\Programs\MiKTeX\tex/latex/amscls\amsthm.
sty"
Package: amsthm 2020/05/29 v2.20.6
\thm@style=\toks21
\thm@bodyfont=\toks22
\thm@headfont=\toks23
\thm@notefont=\toks24
\thm@headpunct=\toks25
\thm@preskip=\skip61
\thm@postskip=\skip62
\thm@headsep=\skip63
\dth@everypar=\toks26
)
("C:\Users\Fariaa Faheem\AppData\Local\Programs\MiKTeX\tex/latex/tools\xspace.s
ty"
Package: xspace 2014/10/28 v1.13 Space after command names (DPC,MH)
)
\c@example=\count188
\c@theorem=\count189

("C:\Users\Fariaa Faheem\AppData\Local\Programs\MiKTeX\tex/latex/caption\captio
n.sty"
Package: caption 2020/10/26 v3.5g Customizing captions (AR)

("C:\Users\Fariaa Faheem\AppData\Local\Programs\MiKTeX\tex/latex/caption\captio
n3.sty"
Package: caption3 2020/10/21 v2.2e caption3 kernel (AR)

("C:\Users\Fariaa Faheem\AppData\Local\Programs\MiKTeX\tex/latex/graphics\keyva
l.sty"
Package: keyval 2014/10/28 v1.15 key=value parser (DPC)
\KV@toks@=\toks27
)
\captionmargin=\dimen149
\captionmargin@=\dimen150
\captionwidth=\dimen151
\caption@tempdima=\dimen152
\caption@indent=\dimen153
\caption@parindent=\dimen154
\caption@hangindent=\dimen155
Package caption Info: Standard document class detected.
)
\c@caption@flags=\count190
\c@continuedfloat=\count191
)
("C:\Users\Fariaa Faheem\AppData\Local\Programs\MiKTeX\tex/latex/graphics\graph
icx.sty"
Package: graphicx 2019/11/30 v1.2a Enhanced LaTeX Graphics (DPC,SPQR)

("C:\Users\Fariaa Faheem\AppData\Local\Programs\MiKTeX\tex/latex/graphics\graph
ics.sty"
Package: graphics 2019/11/30 v1.4a Standard LaTeX Graphics (DPC,SPQR)

("C:\Users\Fariaa Faheem\AppData\Local\Programs\MiKTeX\tex/latex/graphics\trig.
sty"
Package: trig 2016/01/03 v1.10 sin cos tan (DPC)
)
("C:\Users\Fariaa Faheem\AppData\Local\Programs\MiKTeX\tex/latex/graphics-cfg\g
raphics.cfg"
File: graphics.cfg 2016/06/04 v1.11 sample graphics configuration
)
Package graphics Info: Driver file: pdftex.def on input line 105.

("C:\Users\Fariaa Faheem\AppData\Local\Programs\MiKTeX\tex/latex/graphics-def\p
dftex.def"
File: pdftex.def 2018/01/08 v1.0l Graphics/color driver for pdftex
))
\Gin@req@height=\dimen156
\Gin@req@width=\dimen157
)
("C:\Users\Fariaa Faheem\AppData\Local\Programs\MiKTeX\tex/latex/subfigure\subf
igure.sty"
Package: subfigure 2002/07/30 v2.1.4 subfigure package
\subfigtopskip=\skip64
\subfigcapskip=\skip65
\subfigcaptopadj=\dimen158
\subfigbottomskip=\skip66
\subfigcapmargin=\dimen159
\subfiglabelskip=\skip67
\c@subfigure=\count192
\c@lofdepth=\count193
\c@subtable=\count194
\c@lotdepth=\count195

****************************************
* Local config file subfigure.cfg used *
****************************************

("C:\Users\Fariaa Faheem\AppData\Local\Programs\MiKTeX\tex/latex/subfigure\subf
igure.cfg")
\subfig@top=\skip68
\subfig@bottom=\skip69
)
("C:\Users\Fariaa Faheem\AppData\Local\Programs\MiKTeX\tex/latex/booktabs\bookt
abs.sty"
Package: booktabs 2020/01/12 v1.61803398 Publication quality tables
\heavyrulewidth=\dimen160
\lightrulewidth=\dimen161
\cmidrulewidth=\dimen162
\belowrulesep=\dimen163
\belowbottomsep=\dimen164
\aboverulesep=\dimen165
\abovetopsep=\dimen166
\cmidrulesep=\dimen167
\cmidrulekern=\dimen168
\defaultaddspace=\dimen169
\@cmidla=\count196
\@cmidlb=\count197
\@aboverulesep=\dimen170
\@belowrulesep=\dimen171
\@thisruleclass=\count198
\@lastruleclass=\count199
\@thisrulewidth=\dimen172
)
("C:\Users\Fariaa Faheem\AppData\Local\Programs\MiKTeX\tex/latex/graphics\rotat
ing.sty"
Package: rotating 2016/08/11 v2.16d rotated objects in LaTeX

("C:\Users\Fariaa Faheem\AppData\Local\Programs\MiKTeX\tex/latex/base\ifthen.st
y"
Package: ifthen 2014/09/29 v1.1c Standard LaTeX ifthen package (DPC)
)
\c@r@tfl@t=\count266
\rotFPtop=\skip70
\rotFPbot=\skip71
\rot@float@box=\box47
\rot@mess@toks=\toks28
)
("C:\Users\Fariaa Faheem\AppData\Local\Programs\MiKTeX\tex/latex/listings\listi
ngs.sty"
\lst@mode=\count267
\lst@gtempboxa=\box48
\lst@token=\toks29
\lst@length=\count268
\lst@currlwidth=\dimen173
\lst@column=\count269
\lst@pos=\count270
\lst@lostspace=\dimen174
\lst@width=\dimen175
\lst@newlines=\count271
\lst@lineno=\count272
\lst@maxwidth=\dimen176

("C:\Users\Fariaa Faheem\AppData\Local\Programs\MiKTeX\tex/latex/listings\lstmi
sc.sty"
File: lstmisc.sty 2020/03/24 1.8d (Carsten Heinz)
\c@lstnumber=\count273
\lst@skipnumbers=\count274
\lst@framebox=\box49
)
("C:\Users\Fariaa Faheem\AppData\Local\Programs\MiKTeX\tex/latex/listings\listi
ngs.cfg"
File: listings.cfg 2020/03/24 1.8d listings configuration
))
Package: listings 2020/03/24 1.8d (Carsten Heinz)

("C:\Users\Fariaa Faheem\AppData\Local\Programs\MiKTeX\tex/latex/hyperref\hyper
ref.sty"
Package: hyperref 2020-05-15 v7.00e Hypertext links for LaTeX

("C:\Users\Fariaa Faheem\AppData\Local\Programs\MiKTeX\tex/generic/ltxcmds\ltxc
mds.sty"
Package: ltxcmds 2020-05-10 v1.25 LaTeX kernel commands for general use (HO)
)
("C:\Users\Fariaa Faheem\AppData\Local\Programs\MiKTeX\tex/generic/iftex\iftex.
sty"
Package: iftex 2020/03/06 v1.0d TeX engine tests
)
("C:\Users\Fariaa Faheem\AppData\Local\Programs\MiKTeX\tex/generic/pdftexcmds\p
dftexcmds.sty"
Package: pdftexcmds 2020-06-27 v0.33 Utility functions of pdfTeX for LuaTeX (HO
)

("C:\Users\Fariaa Faheem\AppData\Local\Programs\MiKTeX\tex/generic/infwarerr\in
fwarerr.sty"
Package: infwarerr 2019/12/03 v1.5 Providing info/warning/error messages (HO)
)
Package pdftexcmds Info: \pdf@primitive is available.
Package pdftexcmds Info: \pdf@ifprimitive is available.
Package pdftexcmds Info: \pdfdraftmode found.
)
("C:\Users\Fariaa Faheem\AppData\Local\Programs\MiKTeX\tex/generic/kvsetkeys\kv
setkeys.sty"
Package: kvsetkeys 2019/12/15 v1.18 Key value parser (HO)
)
("C:\Users\Fariaa Faheem\AppData\Local\Programs\MiKTeX\tex/generic/kvdefinekeys
\kvdefinekeys.sty"
Package: kvdefinekeys 2019-12-19 v1.6 Define keys (HO)
)
("C:\Users\Fariaa Faheem\AppData\Local\Programs\MiKTeX\tex/generic/pdfescape\pd
fescape.sty"
Package: pdfescape 2019/12/09 v1.15 Implements pdfTeX's escape features (HO)
)
("C:\Users\Fariaa Faheem\AppData\Local\Programs\MiKTeX\tex/latex/hycolor\hycolo
r.sty"
Package: hycolor 2020-01-27 v1.10 Color options for hyperref/bookmark (HO)
)
("C:\Users\Fariaa Faheem\AppData\Local\Programs\MiKTeX\tex/latex/letltxmacro\le
tltxmacro.sty"
Package: letltxmacro 2019/12/03 v1.6 Let assignment for LaTeX macros (HO)
)
("C:\Users\Fariaa Faheem\AppData\Local\Programs\MiKTeX\tex/latex/auxhook\auxhoo
k.sty"
Package: auxhook 2019-12-17 v1.6 Hooks for auxiliary files (HO)
)
("C:\Users\Fariaa Faheem\AppData\Local\Programs\MiKTeX\tex/latex/kvoptions\kvop
tions.sty"
Package: kvoptions 2019/11/29 v3.13 Key value format for package options (HO)
)
\@linkdim=\dimen177
\Hy@linkcounter=\count275
\Hy@pagecounter=\count276

("C:\Users\Fariaa Faheem\AppData\Local\Programs\MiKTeX\tex/latex/hyperref\pd1en
c.def"
File: pd1enc.def 2020-05-15 v7.00e Hyperref: PDFDocEncoding definition (HO)
Now handling font encoding PD1 ...
... no UTF-8 mapping file for font encoding PD1
)
("C:\Users\Fariaa Faheem\AppData\Local\Programs\MiKTeX\tex/generic/intcalc\intc
alc.sty"
Package: intcalc 2019/12/15 v1.3 Expandable calculations with integers (HO)
)
("C:\Users\Fariaa Faheem\AppData\Local\Programs\MiKTeX\tex/generic/etexcmds\ete
xcmds.sty"
Package: etexcmds 2019/12/15 v1.7 Avoid name clashes with e-TeX commands (HO)
)
\Hy@SavedSpaceFactor=\count277
Package hyperref Info: Option `bookmarks' set `true' on input line 4338.
Package hyperref Info: Option `bookmarksopen' set `true' on input line 4338.
Package hyperref Info: Option `bookmarksnumbered' set `true' on input line 4338
.
Package hyperref Info: Option `hypertexnames' set `false' on input line 4338.
Package hyperref Info: Option `colorlinks' set `true' on input line 4338.
Package hyperref Info: Option `unicode' set `true' on input line 4338.

("C:\Users\Fariaa Faheem\AppData\Local\Programs\MiKTeX\tex/latex/hyperref\puenc
.def"
File: puenc.def 2020-05-15 v7.00e Hyperref: PDF Unicode definition (HO)
Now handling font encoding PU ...
... no UTF-8 mapping file for font encoding PU
)
Package hyperref Info: Option `breaklinks' set `true' on input line 4338.
Package hyperref Info: Hyper figures OFF on input line 4464.
Package hyperref Info: Link nesting OFF on input line 4469.
Package hyperref Info: Hyper index ON on input line 4472.
Package hyperref Info: Plain pages OFF on input line 4479.
Package hyperref Info: Backreferencing OFF on input line 4484.
Package hyperref Info: Implicit mode ON; LaTeX internals redefined.
Package hyperref Info: Bookmarks ON on input line 4717.
\c@Hy@tempcnt=\count278

("C:\Users\Fariaa Faheem\AppData\Local\Programs\MiKTeX\tex/latex/url\url.sty"
\Urlmuskip=\muskip17
Package: url 2013/09/16  ver 3.4  Verb mode for urls, etc.
)
LaTeX Info: Redefining \url on input line 5076.
\XeTeXLinkMargin=\dimen178

("C:\Users\Fariaa Faheem\AppData\Local\Programs\MiKTeX\tex/generic/bitset\bitse
t.sty"
Package: bitset 2019/12/09 v1.3 Handle bit-vector datatype (HO)

("C:\Users\Fariaa Faheem\AppData\Local\Programs\MiKTeX\tex/generic/bigintcalc\b
igintcalc.sty"
Package: bigintcalc 2019/12/15 v1.5 Expandable calculations on big integers (HO
)
))
\Fld@menulength=\count279
\Field@Width=\dimen179
\Fld@charsize=\dimen180
Package hyperref Info: Hyper figures OFF on input line 6347.
Package hyperref Info: Link nesting OFF on input line 6352.
Package hyperref Info: Hyper index ON on input line 6355.
Package hyperref Info: backreferencing OFF on input line 6362.
Package hyperref Info: Link coloring ON on input line 6365.
Package hyperref Info: Link coloring with OCG OFF on input line 6372.
Package hyperref Info: PDF/A mode OFF on input line 6377.
LaTeX Info: Redefining \ref on input line 6417.
LaTeX Info: Redefining \pageref on input line 6421.

("C:\Users\Fariaa Faheem\AppData\Local\Programs\MiKTeX\tex/generic/atbegshi\atb
egshi.sty"
Package: atbegshi 2019/12/05 v1.19 At begin shipout hook (HO)
)
\Hy@abspage=\count280
\c@Item=\count281
\c@Hfootnote=\count282
)
Package hyperref Info: Driver (autodetected): hpdftex.

("C:\Users\Fariaa Faheem\AppData\Local\Programs\MiKTeX\tex/latex/hyperref\hpdft
ex.def"
File: hpdftex.def 2020-05-15 v7.00e Hyperref driver for pdfTeX

("C:\Users\Fariaa Faheem\AppData\Local\Programs\MiKTeX\tex/latex/atveryend\atve
ryend.sty"
Package: atveryend 2019-12-11 v1.11 Hooks at the very end of document (HO)
Package atveryend Info: \enddocument detected (standard20110627).
)
\Fld@listcount=\count283
\c@bookmark@seq@number=\count284

("C:\Users\Fariaa Faheem\AppData\Local\Programs\MiKTeX\tex/latex/rerunfilecheck
\rerunfilecheck.sty"
Package: rerunfilecheck 2019/12/05 v1.9 Rerun checks for auxiliary files (HO)

("C:\Users\Fariaa Faheem\AppData\Local\Programs\MiKTeX\tex/generic/uniquecounte
r\uniquecounter.sty"
Package: uniquecounter 2019/12/15 v1.4 Provide unlimited unique counter (HO)
)
Package uniquecounter Info: New unique counter `rerunfilecheck' on input line 2
86.
)
\Hy@SectionHShift=\skip72
)
\c@dummy=\count285

("C:\Users\Fariaa Faheem\AppData\Local\Programs\MiKTeX\tex/latex/tools\longtabl
e.sty"
Package: longtable 2020/01/07 v4.13 Multi-page Table package (DPC)
\LTleft=\skip73
\LTright=\skip74
\LTpre=\skip75
\LTpost=\skip76
\LTchunksize=\count286
\LTcapwidth=\dimen181
\LT@head=\box50
\LT@firsthead=\box51
\LT@foot=\box52
\LT@lastfoot=\box53
\LT@cols=\count287
\LT@rows=\count288
\c@LT@tables=\count289
\c@LT@chunks=\count290
\LT@p@ftn=\toks30
))
("C:\Users\Fariaa Faheem\AppData\Local\Programs\MiKTeX\tex/latex/natbib\natbib.
sty"
Package: natbib 2010/09/13 8.31b (PWD, AO)
\bibhang=\skip77
\bibsep=\skip78
LaTeX Info: Redefining \cite on input line 694.
\c@NAT@ctr=\count291
)
("C:\Users\Fariaa Faheem\AppData\Local\Programs\MiKTeX\tex/latex/tools\verbatim
.sty"
Package: verbatim 2019/11/10 v1.5r LaTeX2e package for verbatim enhancements
\every@verbatim=\toks31
\verbatim@line=\toks32
\verbatim@in@stream=\read2
)
("C:\Users\Fariaa Faheem\AppData\Local\Programs\MiKTeX\tex/latex/vector\vector.
sty"
Package: vector 1994/09/16 v1.0 vector macros for LaTeX2e (nde)

("C:\Users\Fariaa Faheem\AppData\Local\Programs\MiKTeX\tex/latex/tools\calc.sty
"
Package: calc 2017/05/25 v4.3 Infix arithmetic (KKT,FJ)
\calc@Acount=\count292
\calc@Bcount=\count293
\calc@Adimen=\dimen182
\calc@Bdimen=\dimen183
\calc@Askip=\skip79
\calc@Bskip=\skip80
LaTeX Info: Redefining \setlength on input line 80.
LaTeX Info: Redefining \addtolength on input line 81.
\calc@Ccount=\count294
\calc@Cskip=\skip81
)
\c@vec@elem=\count295
)
("C:\Users\Fariaa Faheem\AppData\Local\Programs\MiKTeX\tex/latex/float\float.st
y"
Package: float 2001/11/08 v1.3d Float enhancements (AL)
\c@float@type=\count296
\float@exts=\toks33
\float@box=\box54
\@float@everytoks=\toks34
\@floatcapt=\box55
)
Package hyperref Info: Option `colorlinks' set `true' on input line 19.

("C:\Users\Fariaa Faheem\AppData\Local\Programs\MiKTeX\tex/latex/titlesec\title
sec.sty"
Package: titlesec 2019/10/16 v2.13 Sectioning titles
\ttl@box=\box56
\beforetitleunit=\skip82
\aftertitleunit=\skip83
\ttl@plus=\dimen184
\ttl@minus=\dimen185
\ttl@toksa=\toks35
\titlewidth=\dimen186
\titlewidthlast=\dimen187
\titlewidthfirst=\dimen188
)
("C:\Users\Fariaa Faheem\AppData\Local\Programs\MiKTeX\tex/latex/l3backend\l3ba
ckend-pdfmode.def"
File: l3backend-pdfmode.def 2020-06-29 L3 backend support: PDF mode
\l__kernel_color_stack_int=\count297
\l__pdf_internal_box=\box57
) (uet_thesis.aux)
\openout1 = `uet_thesis.aux'.

LaTeX Font Info:    Checking defaults for OML/cmm/m/it on input line 33.
LaTeX Font Info:    ... okay on input line 33.
LaTeX Font Info:    Checking defaults for OMS/cmsy/m/n on input line 33.
LaTeX Font Info:    ... okay on input line 33.
LaTeX Font Info:    Checking defaults for OT1/cmr/m/n on input line 33.
LaTeX Font Info:    ... okay on input line 33.
LaTeX Font Info:    Checking defaults for T1/cmr/m/n on input line 33.
LaTeX Font Info:    ... okay on input line 33.
LaTeX Font Info:    Checking defaults for TS1/cmr/m/n on input line 33.
LaTeX Font Info:    ... okay on input line 33.
LaTeX Font Info:    Checking defaults for OMX/cmex/m/n on input line 33.
LaTeX Font Info:    ... okay on input line 33.
LaTeX Font Info:    Checking defaults for U/cmr/m/n on input line 33.
LaTeX Font Info:    ... okay on input line 33.
LaTeX Font Info:    Checking defaults for PD1/pdf/m/n on input line 33.
LaTeX Font Info:    ... okay on input line 33.
LaTeX Font Info:    Checking defaults for PU/pdf/m/n on input line 33.
LaTeX Font Info:    ... okay on input line 33.
Package caption Info: Begin \AtBeginDocument code.
Package caption Info: float package is loaded.
Package caption Info: hyperref package is loaded.
Package caption Info: listings package is loaded.
Package caption Info: longtable package is loaded.

("C:\Users\Fariaa Faheem\AppData\Local\Programs\MiKTeX\tex/latex/caption\ltcapt
ion.sty"
Package: ltcaption 2020/05/30 v1.4b longtable captions (AR)
)
Package caption Info: rotating package is loaded.
Package caption Info: subfigure package is loaded.
Package caption Info: End \AtBeginDocument code.

("C:\Users\Fariaa Faheem\AppData\Local\Programs\MiKTeX\tex/context/base/mkii\su
pp-pdf.mkii"
[Loading MPS to PDF converter (version 2006.09.02).]
\scratchcounter=\count298
\scratchdimen=\dimen189
\scratchbox=\box58
\nofMPsegments=\count299
\nofMParguments=\count300
\everyMPshowfont=\toks36
\MPscratchCnt=\count301
\MPscratchDim=\dimen190
\MPnumerator=\count302
\makeMPintoPDFobject=\count303
\everyMPtoPDFconversion=\toks37
)
("C:\Users\Fariaa Faheem\AppData\Local\Programs\MiKTeX\tex/latex/epstopdf-pkg\e
pstopdf-base.sty"
Package: epstopdf-base 2020-01-24 v2.11 Base part for package epstopdf
Package epstopdf-base Info: Redefining graphics rule for `.eps' on input line 4
85.
)
\c@lstlisting=\count304
\AtBeginShipoutBox=\box59

("C:\Users\Fariaa Faheem\AppData\Local\Programs\MiKTeX\tex/latex/graphics\color
.sty"
Package: color 2019/11/23 v1.2a Standard LaTeX Color (DPC)

("C:\Users\Fariaa Faheem\AppData\Local\Programs\MiKTeX\tex/latex/graphics-cfg\c
olor.cfg"
File: color.cfg 2016/01/02 v1.6 sample color configuration
)
Package color Info: Driver file: pdftex.def on input line 147.
)
Package hyperref Info: Link coloring ON on input line 33.

("C:\Users\Fariaa Faheem\AppData\Local\Programs\MiKTeX\tex/latex/hyperref\namer
ef.sty"
Package: nameref 2019/09/16 v2.46 Cross-referencing by name of section

("C:\Users\Fariaa Faheem\AppData\Local\Programs\MiKTeX\tex/latex/refcount\refco
unt.sty"
Package: refcount 2019/12/15 v3.6 Data extraction from label references (HO)
)
("C:\Users\Fariaa Faheem\AppData\Local\Programs\MiKTeX\tex/generic/gettitlestri
ng\gettitlestring.sty"
Package: gettitlestring 2019/12/15 v1.6 Cleanup title references (HO)
)
\c@section@level=\count305
)
LaTeX Info: Redefining \ref on input line 33.
LaTeX Info: Redefining \pageref on input line 33.
LaTeX Info: Redefining \nameref on input line 33.
 (uet_thesis.out) (uet_thesis.out)
\@outlinefile=\write3
\openout3 = `uet_thesis.out'.


-------------------------------------------
 Title Page
-------------------------------------------
<./Figures/uet_logo.pdf, id=147, 150.5625pt x 150.5625pt>
File: ./Figures/uet_logo.pdf Graphic file (type pdf)
<use ./Figures/uet_logo.pdf>
Package pdftex.def Info: ./Figures/uet_logo.pdf  used on input line 51.
(pdftex.def)             Requested size: 150.56212pt x 150.56212pt.
[1



{C:/Users/Fariaa Faheem/AppData/Local/MiKTeX/pdftex/config/pdftex.map} <./Figur
es/uet_logo.pdf>]
-------------------------------------------
 Certification
-------------------------------------------
LaTeX Font Info:    Trying to load font information for U+msa on input line 66.


("C:\Users\Fariaa Faheem\AppData\Local\Programs\MiKTeX\tex/latex/amsfonts\umsa.
fd"
File: umsa.fd 2013/01/14 v3.01 AMS symbols A
)
LaTeX Font Info:    Trying to load font information for U+msb on input line 66.


("C:\Users\Fariaa Faheem\AppData\Local\Programs\MiKTeX\tex/latex/amsfonts\umsb.
fd"
File: umsb.fd 2013/01/14 v3.01 AMS symbols B
) [1

]
-------------------------------------------
 Declaration of Authorship
-------------------------------------------
[2

]
-------------------------------------------
 Acknowledgments
-------------------------------------------
[3

]
-------------------------------------------
 Dedicatory
-------------------------------------------
[4

]
-------------------------------------------
 Table of Contents
-------------------------------------------
(uet_thesis.toc [5


])
\tf@toc=\write4
\openout4 = `uet_thesis.toc'.

 [6]
-------------------------------------------
 List of Figures
-------------------------------------------
(uet_thesis.lof)
\tf@lof=\write5
\openout5 = `uet_thesis.lof'.

 [7


]
-------------------------------------------
 List of Tables
-------------------------------------------
(uet_thesis.lot)
\tf@lot=\write6
\openout6 = `uet_thesis.lot'.

 [8


] (Chapters/Chapter1.tex
Chapter 1.
-------------------------------------------
 1 Problem Statement
-------------------------------------------
) (Chapters/Chapter2.tex [1



]
Chapter 2.
-------------------------------------------
 2 File Input
-------------------------------------------

Overfull \hbox (16.36044pt too wide) in paragraph at lines 11--12
[]\OT1/cmr/m/n/10.95 Creating a struc-ture which has fields of "ID"(Integer), "
Name"(String), "City"(String)
 []

) (Chapters/Chapter3.tex [2

]
Chapter 3.
-------------------------------------------
 3 Hash Table Implementation
-------------------------------------------

Underfull \hbox (badness 10000) in paragraph at lines 23--26

 []


Underfull \hbox (badness 10000) in paragraph at lines 27--31

 []

[3

]
<./Figures/hash1000.jpg, id=293, 566.86781pt x 138.5175pt>
File: ./Figures/hash1000.jpg Graphic file (type jpg)
<use ./Figures/hash1000.jpg>
Package pdftex.def Info: ./Figures/hash1000.jpg  used on input line 41.
(pdftex.def)             Requested size: 396.80476pt x 96.96158pt.
<./Figures/hash10000.jpg, id=294, 576.65437pt x 143.03438pt>
File: ./Figures/hash10000.jpg Graphic file (type jpg)
<use ./Figures/hash10000.jpg>
Package pdftex.def Info: ./Figures/hash10000.jpg  used on input line 49.
(pdftex.def)             Requested size: 403.6553pt x 100.12337pt.
<./Figures/hash100000.jpg, id=295, 584.1825pt x 144.54pt>
File: ./Figures/hash100000.jpg Graphic file (type jpg)
<use ./Figures/hash100000.jpg>
Package pdftex.def Info: ./Figures/hash100000.jpg  used on input line 57.
(pdftex.def)             Requested size: 408.92496pt x 101.17729pt.
 [4 <./Figures/hash1000.jpg> <./Figures/hash10000.jpg>]
<./Figures/hash1000000.jpg, id=304, 592.46344pt x 139.27031pt>
File: ./Figures/hash1000000.jpg Graphic file (type jpg)
<use ./Figures/hash1000000.jpg>
Package pdftex.def Info: ./Figures/hash1000000.jpg  used on input line 65.
(pdftex.def)             Requested size: 414.72157pt x 97.48854pt.
)
(Chapters/Chapter4.tex [5 <./Figures/hash100000.jpg> <./Figures/hash1000000.jpg
>]
Chapter 4.
-------------------------------------------
 4 Array Implementation
-------------------------------------------

Underfull \hbox (badness 10000) in paragraph at lines 22--25

 []

[6

]
<./Figures/Array1000.jpg, id=313, 545.03625pt x 153.57375pt>
File: ./Figures/Array1000.jpg Graphic file (type jpg)
<use ./Figures/Array1000.jpg>
Package pdftex.def Info: ./Figures/Array1000.jpg  used on input line 36.
(pdftex.def)             Requested size: 381.52278pt x 107.50089pt.
<./Figures/Array10000.jpg, id=314, 566.86781pt x 148.30406pt>
File: ./Figures/Array10000.jpg Graphic file (type jpg)
<use ./Figures/Array10000.jpg>
Package pdftex.def Info: ./Figures/Array10000.jpg  used on input line 44.
(pdftex.def)             Requested size: 396.80476pt x 103.81212pt.
<./Figures/Array100000.jpg, id=315, 560.0925pt x 152.06813pt>
File: ./Figures/Array100000.jpg Graphic file (type jpg)
<use ./Figures/Array100000.jpg>
Package pdftex.def Info: ./Figures/Array100000.jpg  used on input line 52.
(pdftex.def)             Requested size: 392.06207pt x 106.44695pt.
<./Figures/Array1000000.jpg, id=316, 550.30594pt x 142.28156pt>
File: ./Figures/Array1000000.jpg Graphic file (type jpg)
<use ./Figures/Array1000000.jpg>
Package pdftex.def Info: ./Figures/Array1000000.jpg  used on input line 60.
(pdftex.def)             Requested size: 385.21153pt x 99.5964pt.
) [7 <./Figures/Array1000.jpg> <./Figures/Array10000.jpg> <./Figures/Array10000
0.jpg>] (Chapters/Chapter5.tex [8 <./Figures/Array1000000.jpg>]
Chapter 5.
-------------------------------------------
 5 Linked List Implementation
-------------------------------------------

Underfull \hbox (badness 10000) in paragraph at lines 22--26

 []

[9

]
<./Figures/List1000.jpg, id=329, 515.67656pt x 139.27031pt>
File: ./Figures/List1000.jpg Graphic file (type jpg)
<use ./Figures/List1000.jpg>
Package pdftex.def Info: ./Figures/List1000.jpg  used on input line 36.
(pdftex.def)             Requested size: 360.97113pt x 97.48854pt.
<./Figures/List10000.jpg, id=330, 533.74406pt x 155.07938pt>
File: ./Figures/List10000.jpg Graphic file (type jpg)
<use ./Figures/List10000.jpg>
Package pdftex.def Info: ./Figures/List10000.jpg  used on input line 44.
(pdftex.def)             Requested size: 373.61829pt x 108.55481pt.
<./Figures/List100000.jpg, id=331, 522.45187pt x 140.02313pt>
File: ./Figures/List100000.jpg Graphic file (type jpg)
<use ./Figures/List100000.jpg>
Package pdftex.def Info: ./Figures/List100000.jpg  used on input line 52.
(pdftex.def)             Requested size: 365.7138pt x 98.01552pt.
) (Chapters/Chapter6.tex [10 <./Figures/List1000.jpg> <./Figures/List10000.jpg>
 <./Figures/List100000.jpg>]
Chapter 6.
-------------------------------------------
 6 Tree Implementation
-------------------------------------------
[11

]
<./Figures/Tree1000.jpg, id=341, 595.47469pt x 155.07938pt>
File: ./Figures/Tree1000.jpg Graphic file (type jpg)
<use ./Figures/Tree1000.jpg>
Package pdftex.def Info: ./Figures/Tree1000.jpg  used on input line 35.
(pdftex.def)             Requested size: 416.82944pt x 108.55481pt.
<./Figures/Tree10000.jpg, id=342, 597.73312pt x 160.34906pt>
File: ./Figures/Tree10000.jpg Graphic file (type jpg)
<use ./Figures/Tree10000.jpg>
Package pdftex.def Info: ./Figures/Tree10000.jpg  used on input line 43.
(pdftex.def)             Requested size: 418.41032pt x 112.24356pt.

Overfull \hbox (0.93726pt too wide) in paragraph at lines 43--45
 [][] 
 []

<./Figures/Tree100000.jpg, id=343, 612.78937pt x 156.585pt>
File: ./Figures/Tree100000.jpg Graphic file (type jpg)
<use ./Figures/Tree100000.jpg>
Package pdftex.def Info: ./Figures/Tree100000.jpg  used on input line 51.
(pdftex.def)             Requested size: 428.94963pt x 109.60873pt.

Overfull \hbox (11.47656pt too wide) in paragraph at lines 51--53
 [][] 
 []

<./Figures/Tree1000000.jpg, id=344, 626.34pt x 166.37157pt>
File: ./Figures/Tree1000000.jpg Graphic file (type jpg)
<use ./Figures/Tree1000000.jpg>
Package pdftex.def Info: ./Figures/Tree1000000.jpg  used on input line 59.
(pdftex.def)             Requested size: 438.435pt x 116.45929pt.

Overfull \hbox (20.96193pt too wide) in paragraph at lines 59--61
 [][] 
 []

) [12 <./Figures/Tree1000.jpg> <./Figures/Tree10000.jpg> <./Figures/Tree100000.
jpg>] (Chapters/Chapter7.tex [13 <./Figures/Tree1000000.jpg>]
Chapter 7.
-------------------------------------------
 7 Results
-------------------------------------------
<./Figures/result.jpg, id=353, 896.59969pt x 432.86719pt>
File: ./Figures/result.jpg Graphic file (type jpg)
<use ./Figures/result.jpg>
Package pdftex.def Info: ./Figures/result.jpg  used on input line 7.
(pdftex.def)             Requested size: 448.29875pt x 216.43306pt.

Overfull \hbox (30.82568pt too wide) in paragraph at lines 7--9
 [][] 
 []

) [14

 <./Figures/result.jpg>]
-------------------------------------------
 References
-------------------------------------------
Package atveryend Info: Empty hook `BeforeClearDocument' on input line 177.
[15


]
Package atveryend Info: Empty hook `AfterLastShipout' on input line 177.
 (uet_thesis.aux)
Package atveryend Info: Executing hook `AtVeryEndDocument' on input line 177.
Package atveryend Info: Executing hook `AtEndAfterFileList' on input line 177.
Package rerunfilecheck Info: File `uet_thesis.out' has not changed.
(rerunfilecheck)             Checksum: 88821E52E48F3F40E21977452DD9607F;5565.
Package atveryend Info: Empty hook `AtVeryVeryEnd' on input line 177.
 ) 
Here is how much of TeX's memory you used:
 14095 strings out of 480790
 208169 string characters out of 2893515
 452923 words of memory out of 3000000
 29768 multiletter control sequences out of 15000+200000
 541662 words of font info for 57 fonts, out of 3000000 for 9000
 1141 hyphenation exceptions out of 8191
 47i,11n,49p,533b,418s stack positions out of 5000i,500n,10000p,200000b,50000s
 <C:\Users\Fariaa Faheem\AppData\Local\MiKTeX\fonts/pk/ljfour/jknappen/ec/dpi
600\tcrm1095.pk><C:/Users/Fariaa Faheem/AppData/Local/Programs/MiKTeX/fonts/typ
e1/public/amsfonts/cm/cmbx10.pfb><C:/Users/Fariaa Faheem/AppData/Local/Programs
/MiKTeX/fonts/type1/public/amsfonts/cm/cmbx12.pfb><C:/Users/Fariaa Faheem/AppDa
ta/Local/Programs/MiKTeX/fonts/type1/public/amsfonts/cm/cmcsc10.pfb><C:/Users/F
ariaa Faheem/AppData/Local/Programs/MiKTeX/fonts/type1/public/amsfonts/cm/cmmi1
0.pfb><C:/Users/Fariaa Faheem/AppData/Local/Programs/MiKTeX/fonts/type1/public/
amsfonts/cm/cmr10.pfb><C:/Users/Fariaa Faheem/AppData/Local/Programs/MiKTeX/fon
ts/type1/public/amsfonts/cm/cmr12.pfb><C:/Users/Fariaa Faheem/AppData/Local/Pro
grams/MiKTeX/fonts/type1/public/amsfonts/cm/cmr17.pfb><C:/Users/Fariaa Faheem/A
ppData/Local/Programs/MiKTeX/fonts/type1/public/amsfonts/cm/cmr8.pfb><C:/Users/
Fariaa Faheem/AppData/Local/Programs/MiKTeX/fonts/type1/public/amsfonts/cm/cmsl
12.pfb><C:/Users/Fariaa Faheem/AppData/Local/Programs/MiKTeX/fonts/type1/public
/amsfonts/cm/cmti10.pfb>
Output written on uet_thesis.pdf (24 pages, 877813 bytes).
PDF statistics:
 422 PDF objects out of 1000 (max. 8388607)
 93 named destinations out of 1000 (max. 500000)
 374 words of extra memory for PDF output out of 10000 (max. 10000000)

